<?xml version="1.0" encoding="UTF-8"?>
<Site BuildName="(empty)"
	BuildStamp="20241120-0744-Experimental"
	Name="boris-PC"
	Generator="ctest-3.16.3"
	CompilerName="/usr/bin/g++"
	CompilerVersion="9.4.0"
	OSName="Linux"
	Hostname="boris-PC"
	OSRelease="5.15.0-119-generic"
	OSVersion="#129~20.04.1-Ubuntu SMP Wed Aug 7 13:07:13 UTC 2024"
	OSPlatform="x86_64"
	Is64Bits="1"
	VendorString="AuthenticAMD"
	VendorID="Advanced Micro Devices"
	FamilyID="25"
	ModelID="80"
	ProcessorCacheSize="512"
	NumberOfLogicalCPU="16"
	NumberOfPhysicalCPU="8"
	TotalVirtualMemory="9765"
	TotalPhysicalMemory="64150"
	LogicalProcessorsPerPhysical="2"
	ProcessorClockFrequency="3274"
	>
	<Testing>
		<StartDateTime>Nov 20 15:45 CST</StartDateTime>
		<StartTestTime>1732088715</StartTestTime>
		<TestList/>
		<EndDateTime>Nov 20 15:45 CST</EndDateTime>
		<EndTestTime>1732088715</EndTestTime>
		<ElapsedMinutes>0</ElapsedMinutes>
	</Testing>
</Site>
